<?xml version="1.0" encoding="UTF-8"?>
<testng-results ignored="0" total="1" passed="1" failed="0" skipped="0">
  <reporter-output>
  </reporter-output>
  <suite started-at="2024-09-03T19:54:45 IST" name="Default suite" finished-at="2024-09-03T19:54:54 IST" duration-ms="8976">
    <groups>
    </groups>
    <test started-at="2024-09-03T19:54:45 IST" name="Default test" finished-at="2024-09-03T19:54:54 IST" duration-ms="8976">
      <class name="org.letcode.test.GoogleTest">
        <test-method signature="letcodecall()[pri:0, instance:org.letcode.test.GoogleTest@750e2b97]" started-at="2024-09-03T19:54:45 IST" name="letcodecall" finished-at="2024-09-03T19:54:54 IST" duration-ms="8908" status="PASS">
          <reporter-output>
          </reporter-output>
        </test-method> <!-- letcodecall -->
      </class> <!-- org.letcode.test.GoogleTest -->
    </test> <!-- Default test -->
  </suite> <!-- Default suite -->
</testng-results>
